[MFLOG|0|2023-12-12T00:00:53.847183Z|runtime|14d7bb40-adcc-4131-890f-d1610b94c07a]Fitting 5 folds for each of 5 candidates, totalling 25 fits
[MFLOG|0|2023-12-12T00:00:54.434768Z|runtime|1439ab2d-ee33-4ffc-ac45-9d815ca7c34a][CV] END bootstrap=True, class_weight=None, max_depth=None, max_features=auto, min_samples_leaf=4, min_samples_split=10, n_estimators=200; total time=   0.0s
[MFLOG|0|2023-12-12T00:00:54.443416Z|runtime|d93eb02b-90d3-4e54-b50a-e40eba50e9dc][CV] END bootstrap=True, class_weight=None, max_depth=None, max_features=auto, min_samples_leaf=4, min_samples_split=10, n_estimators=200; total time=   0.0s
[MFLOG|0|2023-12-12T00:00:54.447402Z|runtime|63b2002c-6a0f-491c-bc9a-2ddbf2f154d2][CV] END bootstrap=False, class_weight=balanced, max_depth=70, max_features=auto, min_samples_leaf=2, min_samples_split=2, n_estimators=1600; total time=   0.0s
[MFLOG|0|2023-12-12T00:00:54.449848Z|runtime|8456a627-2e56-487a-8b9b-f8b354bc67aa][CV] END bootstrap=False, class_weight=balanced, max_depth=70, max_features=auto, min_samples_leaf=2, min_samples_split=2, n_estimators=1600; total time=   0.0s
[MFLOG|0|2023-12-12T00:00:54.449952Z|runtime|747ac363-0f0b-4fbe-b18c-1f8aca854712][CV] END bootstrap=False, class_weight=balanced_subsample, max_depth=90, max_features=auto, min_samples_leaf=2, min_samples_split=2, n_estimators=1000; total time=   0.0s
[MFLOG|0|2023-12-12T00:00:54.451066Z|runtime|275336c8-bd4c-4166-b063-8965d3eb04c9][CV] END bootstrap=False, class_weight=balanced, max_depth=70, max_features=auto, min_samples_leaf=2, min_samples_split=2, n_estimators=1600; total time=   0.0s
[MFLOG|0|2023-12-12T00:00:54.452875Z|runtime|cfd23517-8135-4ed9-a9ce-f800f0b500f7][CV] END bootstrap=False, class_weight=balanced_subsample, max_depth=90, max_features=auto, min_samples_leaf=4, min_samples_split=2, n_estimators=600; total time=   0.0s
[MFLOG|0|2023-12-12T00:00:54.454222Z|runtime|38dbe63a-9673-4067-98bb-26ceccce370d][CV] END bootstrap=False, class_weight=balanced_subsample, max_depth=90, max_features=auto, min_samples_leaf=2, min_samples_split=2, n_estimators=1000; total time=   0.0s
[MFLOG|0|2023-12-12T00:00:54.454431Z|runtime|d5c22fb4-34bb-46c7-97fe-130252261eb8][CV] END bootstrap=False, class_weight=balanced, max_depth=70, max_features=auto, min_samples_leaf=2, min_samples_split=2, n_estimators=1600; total time=   0.0s
[MFLOG|0|2023-12-12T00:00:54.454509Z|runtime|39aa3ce2-323f-4498-877c-0e4f3ef35e83][CV] END bootstrap=False, class_weight=balanced_subsample, max_depth=90, max_features=auto, min_samples_leaf=4, min_samples_split=2, n_estimators=600; total time=   0.0s
[MFLOG|0|2023-12-12T00:00:54.454698Z|runtime|935e74a7-0351-4591-826a-1edf99861ea2][CV] END bootstrap=False, class_weight=balanced_subsample, max_depth=90, max_features=auto, min_samples_leaf=4, min_samples_split=2, n_estimators=600; total time=   0.0s
[MFLOG|0|2023-12-12T00:00:54.455168Z|runtime|baf88577-2ad2-4b15-ac09-54bfc6b548ee][CV] END bootstrap=False, class_weight=balanced_subsample, max_depth=90, max_features=auto, min_samples_leaf=4, min_samples_split=2, n_estimators=600; total time=   0.0s
[MFLOG|0|2023-12-12T00:00:54.455431Z|runtime|bd2c5b3c-f27d-4b07-8962-fb5cd970dfea][CV] END bootstrap=True, class_weight=None, max_depth=None, max_features=auto, min_samples_leaf=4, min_samples_split=10, n_estimators=200; total time=   0.0s
[MFLOG|0|2023-12-12T00:00:54.456287Z|runtime|ab7d54cd-26cf-4e3c-8971-d8832384bde6][CV] END bootstrap=False, class_weight=balanced_subsample, max_depth=90, max_features=auto, min_samples_leaf=4, min_samples_split=2, n_estimators=600; total time=   0.0s
[MFLOG|0|2023-12-12T00:00:54.460236Z|runtime|504513df-ac53-49b0-ba45-fbe743baf1df][CV] END bootstrap=True, class_weight=None, max_depth=None, max_features=auto, min_samples_leaf=4, min_samples_split=10, n_estimators=200; total time=   0.0s
[MFLOG|0|2023-12-12T00:00:54.463884Z|runtime|22d70594-02fa-4ed5-857c-df0831545ce7][CV] END bootstrap=False, class_weight=balanced_subsample, max_depth=90, max_features=auto, min_samples_leaf=2, min_samples_split=2, n_estimators=1000; total time=   0.0s
[MFLOG|0|2023-12-12T00:00:54.465498Z|runtime|d47ff6a7-a95e-417f-92a2-d41544efd57c][CV] END bootstrap=False, class_weight=balanced, max_depth=70, max_features=auto, min_samples_leaf=2, min_samples_split=2, n_estimators=1600; total time=   0.0s
[MFLOG|0|2023-12-12T00:00:54.472873Z|runtime|182b7045-3dcf-4eea-a099-22a92e725f94][CV] END bootstrap=False, class_weight=balanced_subsample, max_depth=90, max_features=auto, min_samples_leaf=2, min_samples_split=2, n_estimators=1000; total time=   0.0s
[MFLOG|0|2023-12-12T00:00:54.497728Z|runtime|dbed16a2-e09c-4140-b5db-6622ff47e626][CV] END bootstrap=True, class_weight=None, max_depth=None, max_features=auto, min_samples_leaf=4, min_samples_split=10, n_estimators=200; total time=   0.0s
[MFLOG|0|2023-12-12T00:00:54.497839Z|runtime|c0972cfc-448e-446d-8159-ec93d9e8bf3f][CV] END bootstrap=False, class_weight=balanced_subsample, max_depth=90, max_features=auto, min_samples_leaf=2, min_samples_split=2, n_estimators=1000; total time=   0.0s
[MFLOG|0|2023-12-12T00:00:55.240068Z|runtime|21438cc1-7217-4c7e-b00b-ae63b5a695a9][CV] END bootstrap=True, class_weight=balanced_subsample, max_depth=40, max_features=sqrt, min_samples_leaf=4, min_samples_split=10, n_estimators=1800; total time=   0.8s
[MFLOG|0|2023-12-12T00:00:55.286928Z|runtime|3666624d-653e-424f-a0cb-0c62696bdc94][CV] END bootstrap=True, class_weight=balanced_subsample, max_depth=40, max_features=sqrt, min_samples_leaf=4, min_samples_split=10, n_estimators=1800; total time=   0.8s
[MFLOG|0|2023-12-12T00:00:55.388134Z|runtime|789eed9d-58bb-467f-9cac-7c69d6b24766][CV] END bootstrap=True, class_weight=balanced_subsample, max_depth=40, max_features=sqrt, min_samples_leaf=4, min_samples_split=10, n_estimators=1800; total time=   0.9s
[MFLOG|0|2023-12-12T00:00:55.462211Z|runtime|794cf2a9-2c32-4d6f-ba24-7828c1ecac1e][CV] END bootstrap=True, class_weight=balanced_subsample, max_depth=40, max_features=sqrt, min_samples_leaf=4, min_samples_split=10, n_estimators=1800; total time=   1.0s
[MFLOG|0|2023-12-12T00:00:55.564588Z|runtime|f936f9a3-d3f0-414c-86a6-37cfd519bc6c][CV] END bootstrap=True, class_weight=balanced_subsample, max_depth=40, max_features=sqrt, min_samples_leaf=4, min_samples_split=10, n_estimators=1800; total time=   1.1s
[MFLOG|0|2023-12-12T00:00:56.671959Z|runtime|a5baa26e-f28f-4c48-bc90-2267c3ca1c51]{'n_estimators': 1800, 'min_samples_split': 10, 'min_samples_leaf': 4, 'max_features': 'sqrt', 'max_depth': 40, 'class_weight': 'balanced_subsample', 'bootstrap': True}
[MFLOG|0|2023-12-12T00:00:57.772307Z|runtime|833ced65-b5e7-4c15-8fec-90d7facf9bd4][0.60869565 0.47826087 0.69565217 0.34782609 0.39130435]
[MFLOG|0|2023-12-12T00:00:57.772417Z|runtime|6947c905-4bfb-4f57-a93f-4df83dc4c784]Validation Mean Accuracy: 0.504 (0.131)
[MFLOG|0|2023-12-12T00:00:57.802390Z|runtime|b2204da0-2c44-42bb-90d5-ce196b0b2f53](77, 20)
