[MFLOG|0|2023-12-13T03:01:48.358700Z|runtime|fa4a4d80-b041-4a31-a203-b3ba3b55ff90]Fitting 5 folds for each of 5 candidates, totalling 25 fits
[MFLOG|0|2023-12-13T03:01:48.944990Z|runtime|c3ca7e67-fa8f-4834-a745-96248c36d3b7][CV] END bootstrap=True, class_weight=None, max_depth=None, max_features=auto, min_samples_leaf=4, min_samples_split=10, n_estimators=200; total time=   0.0s
[MFLOG|0|2023-12-13T03:01:48.955257Z|runtime|403b6244-072a-4f6e-98a2-d142643ec552][CV] END bootstrap=False, class_weight=balanced, max_depth=70, max_features=auto, min_samples_leaf=2, min_samples_split=2, n_estimators=1600; total time=   0.0s
[MFLOG|0|2023-12-13T03:01:48.955749Z|runtime|5122f1e4-9d5e-426f-b8a8-af1f17dca81f][CV] END bootstrap=False, class_weight=balanced, max_depth=70, max_features=auto, min_samples_leaf=2, min_samples_split=2, n_estimators=1600; total time=   0.0s
[MFLOG|0|2023-12-13T03:01:48.958118Z|runtime|0dbcea40-9abc-4e70-a7d6-8a5953580d50][CV] END bootstrap=False, class_weight=balanced, max_depth=70, max_features=auto, min_samples_leaf=2, min_samples_split=2, n_estimators=1600; total time=   0.0s
[MFLOG|0|2023-12-13T03:01:48.958908Z|runtime|3ab54d41-5ff8-4b51-a16e-057d46579520][CV] END bootstrap=True, class_weight=None, max_depth=None, max_features=auto, min_samples_leaf=4, min_samples_split=10, n_estimators=200; total time=   0.0s
[MFLOG|0|2023-12-13T03:01:48.962795Z|runtime|f862478b-d2df-4691-89eb-bee2dc9b0259][CV] END bootstrap=False, class_weight=balanced_subsample, max_depth=90, max_features=auto, min_samples_leaf=4, min_samples_split=2, n_estimators=600; total time=   0.0s
[MFLOG|0|2023-12-13T03:01:48.962894Z|runtime|5c657fad-040a-49e5-95b4-5626b8d0bae0][CV] END bootstrap=False, class_weight=balanced_subsample, max_depth=90, max_features=auto, min_samples_leaf=4, min_samples_split=2, n_estimators=600; total time=   0.0s
[MFLOG|0|2023-12-13T03:01:48.963929Z|runtime|540ecfb2-9776-4342-aa97-d65c6d4ee27e][CV] END bootstrap=False, class_weight=balanced_subsample, max_depth=90, max_features=auto, min_samples_leaf=4, min_samples_split=2, n_estimators=600; total time=   0.0s
[MFLOG|0|2023-12-13T03:01:48.964163Z|runtime|d68ac998-c7df-4682-b40c-3b50772b6b04][CV] END bootstrap=False, class_weight=balanced_subsample, max_depth=90, max_features=auto, min_samples_leaf=4, min_samples_split=2, n_estimators=600; total time=   0.0s
[MFLOG|0|2023-12-13T03:01:48.966723Z|runtime|734bc2d3-46bf-4a87-9df2-a8fe12ba37ec][CV] END bootstrap=False, class_weight=balanced_subsample, max_depth=90, max_features=auto, min_samples_leaf=4, min_samples_split=2, n_estimators=600; total time=   0.0s
[MFLOG|0|2023-12-13T03:01:48.966867Z|runtime|e2cd0b9f-6d3b-4d46-8d30-9a492c8addf7][CV] END bootstrap=True, class_weight=None, max_depth=None, max_features=auto, min_samples_leaf=4, min_samples_split=10, n_estimators=200; total time=   0.0s
[MFLOG|0|2023-12-13T03:01:48.967769Z|runtime|f1c93fb9-a65b-47f5-bc48-c1d9f8a3d6c3][CV] END bootstrap=True, class_weight=None, max_depth=None, max_features=auto, min_samples_leaf=4, min_samples_split=10, n_estimators=200; total time=   0.0s
[MFLOG|0|2023-12-13T03:01:48.977894Z|runtime|58e1e233-ae9e-49fa-89c2-7fd74b30d745][CV] END bootstrap=False, class_weight=balanced_subsample, max_depth=90, max_features=auto, min_samples_leaf=2, min_samples_split=2, n_estimators=1000; total time=   0.0s
[MFLOG|0|2023-12-13T03:01:49.003053Z|runtime|9cafbfc2-6944-48db-8ef7-d77162b6decc][CV] END bootstrap=False, class_weight=balanced, max_depth=70, max_features=auto, min_samples_leaf=2, min_samples_split=2, n_estimators=1600; total time=   0.0s
[MFLOG|0|2023-12-13T03:01:49.003554Z|runtime|53e060d7-11aa-4a01-85fe-0d04179cf532][CV] END bootstrap=False, class_weight=balanced_subsample, max_depth=90, max_features=auto, min_samples_leaf=2, min_samples_split=2, n_estimators=1000; total time=   0.0s
[MFLOG|0|2023-12-13T03:01:49.018890Z|runtime|23d8c36a-466c-466b-b7a4-62a687ec5d7a][CV] END bootstrap=False, class_weight=balanced_subsample, max_depth=90, max_features=auto, min_samples_leaf=2, min_samples_split=2, n_estimators=1000; total time=   0.0s
[MFLOG|0|2023-12-13T03:01:49.026264Z|runtime|829ee34e-cfd5-4ee9-a4b3-0aada33257a5][CV] END bootstrap=True, class_weight=None, max_depth=None, max_features=auto, min_samples_leaf=4, min_samples_split=10, n_estimators=200; total time=   0.0s
[MFLOG|0|2023-12-13T03:01:49.027584Z|runtime|36473e28-c431-485e-9483-d90c2e201011][CV] END bootstrap=False, class_weight=balanced_subsample, max_depth=90, max_features=auto, min_samples_leaf=2, min_samples_split=2, n_estimators=1000; total time=   0.0s
[MFLOG|0|2023-12-13T03:01:49.039807Z|runtime|c4ab9fad-39aa-4545-b3fa-f22416f886e6][CV] END bootstrap=False, class_weight=balanced_subsample, max_depth=90, max_features=auto, min_samples_leaf=2, min_samples_split=2, n_estimators=1000; total time=   0.0s
[MFLOG|0|2023-12-13T03:01:49.043845Z|runtime|b4e231f5-7d26-4708-9ac3-2f68b035e063][CV] END bootstrap=False, class_weight=balanced, max_depth=70, max_features=auto, min_samples_leaf=2, min_samples_split=2, n_estimators=1600; total time=   0.0s
[MFLOG|0|2023-12-13T03:01:49.786056Z|runtime|85a40d07-657e-4e4a-ae83-b63fb39c55a4][CV] END bootstrap=True, class_weight=balanced_subsample, max_depth=40, max_features=sqrt, min_samples_leaf=4, min_samples_split=10, n_estimators=1800; total time=   0.8s
[MFLOG|0|2023-12-13T03:01:49.835624Z|runtime|fca3b55c-09b4-42d5-8204-b429376a16ea][CV] END bootstrap=True, class_weight=balanced_subsample, max_depth=40, max_features=sqrt, min_samples_leaf=4, min_samples_split=10, n_estimators=1800; total time=   0.9s
[MFLOG|0|2023-12-13T03:01:49.944825Z|runtime|f486fd79-fb35-4bb3-a22d-5dde4b2528b3][CV] END bootstrap=True, class_weight=balanced_subsample, max_depth=40, max_features=sqrt, min_samples_leaf=4, min_samples_split=10, n_estimators=1800; total time=   1.0s
[MFLOG|0|2023-12-13T03:01:50.014963Z|runtime|1306356d-b128-4bb8-8c96-70ca326cf0dc][CV] END bootstrap=True, class_weight=balanced_subsample, max_depth=40, max_features=sqrt, min_samples_leaf=4, min_samples_split=10, n_estimators=1800; total time=   1.0s
[MFLOG|0|2023-12-13T03:01:50.112697Z|runtime|ffa35717-e28c-4f2a-a1d0-f075db2c189f][CV] END bootstrap=True, class_weight=balanced_subsample, max_depth=40, max_features=sqrt, min_samples_leaf=4, min_samples_split=10, n_estimators=1800; total time=   1.1s
[MFLOG|0|2023-12-13T03:01:51.227787Z|runtime|9e2a6b1e-2859-423c-ae1a-deec393dfa1a]{'n_estimators': 1800, 'min_samples_split': 10, 'min_samples_leaf': 4, 'max_features': 'sqrt', 'max_depth': 40, 'class_weight': 'balanced_subsample', 'bootstrap': True}
[MFLOG|0|2023-12-13T03:01:52.341049Z|runtime|cd74bc61-5ac4-4243-b144-7efc2ed1cbc4][0.60869565 0.43478261 0.69565217 0.36956522 0.39130435]
[MFLOG|0|2023-12-13T03:01:52.341155Z|runtime|ef01ad45-010e-4f5e-ba35-07e42623df77]Validation Mean Accuracy: 0.500 (0.129)
[MFLOG|0|2023-12-13T03:01:52.372841Z|runtime|04f77c58-e753-4e54-b42b-94af2d84e9c5](77, 20)
