[MFLOG|0|2023-12-13T02:52:00.827715Z|runtime|d025e08f-ce49-4216-9779-f948f14dc6a6]Fitting 5 folds for each of 5 candidates, totalling 25 fits
[MFLOG|0|2023-12-13T02:52:01.379036Z|runtime|5d26c1dd-d992-4cde-9ff4-fd5557168faf][CV] END bootstrap=True, class_weight=None, max_depth=None, max_features=auto, min_samples_leaf=4, min_samples_split=10, n_estimators=200; total time=   0.0s
[MFLOG|0|2023-12-13T02:52:01.391374Z|runtime|7db7812f-f1c3-45b2-b637-25f9b90c14ab][CV] END bootstrap=False, class_weight=balanced, max_depth=70, max_features=auto, min_samples_leaf=2, min_samples_split=2, n_estimators=1600; total time=   0.0s
[MFLOG|0|2023-12-13T02:52:01.391797Z|runtime|c7802b2f-848c-48bf-ae6d-958d19d2b81b][CV] END bootstrap=False, class_weight=balanced, max_depth=70, max_features=auto, min_samples_leaf=2, min_samples_split=2, n_estimators=1600; total time=   0.0s
[MFLOG|0|2023-12-13T02:52:01.392262Z|runtime|40cc223c-a748-4358-9abb-2c5d8c631202][CV] END bootstrap=False, class_weight=balanced, max_depth=70, max_features=auto, min_samples_leaf=2, min_samples_split=2, n_estimators=1600; total time=   0.0s
[MFLOG|0|2023-12-13T02:52:01.392642Z|runtime|ea194e70-376b-4951-9a19-b32269dcc5a6][CV] END bootstrap=False, class_weight=balanced_subsample, max_depth=90, max_features=auto, min_samples_leaf=4, min_samples_split=2, n_estimators=600; total time=   0.0s
[MFLOG|0|2023-12-13T02:52:01.392855Z|runtime|b5d74d21-ca40-4c64-a970-9bd624b7d292][CV] END bootstrap=False, class_weight=balanced_subsample, max_depth=90, max_features=auto, min_samples_leaf=4, min_samples_split=2, n_estimators=600; total time=   0.0s
[MFLOG|0|2023-12-13T02:52:01.393151Z|runtime|f67c9400-8f7c-422b-bd4d-e6e37eda808a][CV] END bootstrap=False, class_weight=balanced_subsample, max_depth=90, max_features=auto, min_samples_leaf=4, min_samples_split=2, n_estimators=600; total time=   0.0s
[MFLOG|0|2023-12-13T02:52:01.395424Z|runtime|478e88cc-5e30-4cb4-bdae-a81624610140][CV] END bootstrap=False, class_weight=balanced_subsample, max_depth=90, max_features=auto, min_samples_leaf=4, min_samples_split=2, n_estimators=600; total time=   0.0s
[MFLOG|0|2023-12-13T02:52:01.396904Z|runtime|b2f13e04-e863-4d50-9d9f-f207d38a1b2f][CV] END bootstrap=False, class_weight=balanced_subsample, max_depth=90, max_features=auto, min_samples_leaf=4, min_samples_split=2, n_estimators=600; total time=   0.0s
[MFLOG|0|2023-12-13T02:52:01.409404Z|runtime|60d163b2-ad38-4c01-8b7a-b38035e9e0e2][CV] END bootstrap=True, class_weight=None, max_depth=None, max_features=auto, min_samples_leaf=4, min_samples_split=10, n_estimators=200; total time=   0.0s
[MFLOG|0|2023-12-13T02:52:01.417907Z|runtime|6725ca62-6b3e-48bd-a5f3-e8ea8ac7fe63][CV] END bootstrap=True, class_weight=None, max_depth=None, max_features=auto, min_samples_leaf=4, min_samples_split=10, n_estimators=200; total time=   0.0s
[MFLOG|0|2023-12-13T02:52:01.432736Z|runtime|0b4b5b26-0060-44c5-b45b-d7b77cd456bb][CV] END bootstrap=False, class_weight=balanced_subsample, max_depth=90, max_features=auto, min_samples_leaf=2, min_samples_split=2, n_estimators=1000; total time=   0.0s
[MFLOG|0|2023-12-13T02:52:01.437127Z|runtime|618e5733-e65d-448d-9c08-3969a493778a][CV] END bootstrap=True, class_weight=None, max_depth=None, max_features=auto, min_samples_leaf=4, min_samples_split=10, n_estimators=200; total time=   0.0s
[MFLOG|0|2023-12-13T02:52:01.468583Z|runtime|dbafde00-e787-41f6-a387-af0a70708ef8][CV] END bootstrap=True, class_weight=None, max_depth=None, max_features=auto, min_samples_leaf=4, min_samples_split=10, n_estimators=200; total time=   0.0s
[MFLOG|0|2023-12-13T02:52:01.471850Z|runtime|e6d312ee-5364-4adc-8d62-53439a6845be][CV] END bootstrap=False, class_weight=balanced_subsample, max_depth=90, max_features=auto, min_samples_leaf=2, min_samples_split=2, n_estimators=1000; total time=   0.0s
[MFLOG|0|2023-12-13T02:52:01.476832Z|runtime|10116aa9-72e4-4a3c-8cf2-50ca6258805c][CV] END bootstrap=False, class_weight=balanced_subsample, max_depth=90, max_features=auto, min_samples_leaf=2, min_samples_split=2, n_estimators=1000; total time=   0.0s
[MFLOG|0|2023-12-13T02:52:01.483003Z|runtime|232889a8-3d77-4b1d-a251-529aaf0ef402][CV] END bootstrap=False, class_weight=balanced_subsample, max_depth=90, max_features=auto, min_samples_leaf=2, min_samples_split=2, n_estimators=1000; total time=   0.0s
[MFLOG|0|2023-12-13T02:52:01.483271Z|runtime|559fe294-032a-48ee-b48f-98ffafb7a3f3][CV] END bootstrap=False, class_weight=balanced_subsample, max_depth=90, max_features=auto, min_samples_leaf=2, min_samples_split=2, n_estimators=1000; total time=   0.0s
[MFLOG|0|2023-12-13T02:52:01.514731Z|runtime|b7285294-aea6-479e-813c-dcebd8cf73e7][CV] END bootstrap=False, class_weight=balanced, max_depth=70, max_features=auto, min_samples_leaf=2, min_samples_split=2, n_estimators=1600; total time=   0.0s
[MFLOG|0|2023-12-13T02:52:01.524403Z|runtime|28bfa644-9dde-4e0c-8e61-88cadc7f269d][CV] END bootstrap=False, class_weight=balanced, max_depth=70, max_features=auto, min_samples_leaf=2, min_samples_split=2, n_estimators=1600; total time=   0.0s
[MFLOG|0|2023-12-13T02:52:02.221189Z|runtime|3538e17e-e320-4139-b032-e2cd5e095f08][CV] END bootstrap=True, class_weight=balanced_subsample, max_depth=40, max_features=sqrt, min_samples_leaf=4, min_samples_split=10, n_estimators=1800; total time=   0.8s
[MFLOG|0|2023-12-13T02:52:02.298901Z|runtime|d11d7a81-d2f9-4da9-822e-75a611572874][CV] END bootstrap=True, class_weight=balanced_subsample, max_depth=40, max_features=sqrt, min_samples_leaf=4, min_samples_split=10, n_estimators=1800; total time=   0.9s
[MFLOG|0|2023-12-13T02:52:02.377947Z|runtime|9df3811a-ace2-4400-bb31-e5425617493b][CV] END bootstrap=True, class_weight=balanced_subsample, max_depth=40, max_features=sqrt, min_samples_leaf=4, min_samples_split=10, n_estimators=1800; total time=   0.9s
[MFLOG|0|2023-12-13T02:52:02.463871Z|runtime|aa4a0b78-2a78-4809-b25e-e13f00875251][CV] END bootstrap=True, class_weight=balanced_subsample, max_depth=40, max_features=sqrt, min_samples_leaf=4, min_samples_split=10, n_estimators=1800; total time=   1.0s
[MFLOG|0|2023-12-13T02:52:02.566136Z|runtime|cfb69990-6f33-4b2a-a05a-5a1beaac193f][CV] END bootstrap=True, class_weight=balanced_subsample, max_depth=40, max_features=sqrt, min_samples_leaf=4, min_samples_split=10, n_estimators=1800; total time=   1.1s
[MFLOG|0|2023-12-13T02:52:03.670067Z|runtime|53c224f3-cbc2-4ef8-9743-3e6f279e5379]{'n_estimators': 1800, 'min_samples_split': 10, 'min_samples_leaf': 4, 'max_features': 'sqrt', 'max_depth': 40, 'class_weight': 'balanced_subsample', 'bootstrap': True}
[MFLOG|0|2023-12-13T02:52:04.754683Z|runtime|ea257913-dc51-41d6-9a3b-46af0e326e7a][0.60869565 0.5        0.69565217 0.32608696 0.36956522]
[MFLOG|0|2023-12-13T02:52:04.754833Z|runtime|8db2087c-6a98-41a2-aaad-40fcd61b2b5a]Validation Mean Accuracy: 0.500 (0.140)
[MFLOG|0|2023-12-13T02:52:04.785673Z|runtime|5993093a-7879-40fd-8351-9314c5ec2d2c](77, 20)
