[MFLOG|0|2023-12-13T01:09:31.510593Z|runtime|9a4df827-e409-4226-9ff3-f0807dd6bb01]Fitting 5 folds for each of 5 candidates, totalling 25 fits
[MFLOG|0|2023-12-13T01:09:32.075427Z|runtime|74715ebe-f973-4513-94da-b1dafb73fe10][CV] END bootstrap=True, class_weight=None, max_depth=None, max_features=auto, min_samples_leaf=4, min_samples_split=10, n_estimators=200; total time=   0.0s[CV] END bootstrap=True, class_weight=None, max_depth=None, max_features=auto, min_samples_leaf=4, min_samples_split=10, n_estimators=200; total time=   0.0s
[MFLOG|0|2023-12-13T01:09:32.089414Z|runtime|dd3c6a48-c57c-4ee8-a8ec-01038263da4f]
[MFLOG|0|2023-12-13T01:09:32.089647Z|runtime|23153d12-f9ef-4986-a068-597f00266ced][CV] END bootstrap=False, class_weight=balanced, max_depth=70, max_features=auto, min_samples_leaf=2, min_samples_split=2, n_estimators=1600; total time=   0.0s
[MFLOG|0|2023-12-13T01:09:32.092913Z|runtime|6cc4fbb6-a47f-46f6-9ee7-db9baf8d7969][CV] END bootstrap=False, class_weight=balanced, max_depth=70, max_features=auto, min_samples_leaf=2, min_samples_split=2, n_estimators=1600; total time=   0.0s[CV] END bootstrap=False, class_weight=balanced_subsample, max_depth=90, max_features=auto, min_samples_leaf=2, min_samples_split=2, n_estimators=1000; total time=   0.0s
[MFLOG|0|2023-12-13T01:09:32.094221Z|runtime|7a9ec29e-69bf-43b1-b035-f969370d31ec]
[MFLOG|0|2023-12-13T01:09:32.094430Z|runtime|de3307ce-2d11-4631-a102-f2a9a31e3039][CV] END bootstrap=False, class_weight=balanced, max_depth=70, max_features=auto, min_samples_leaf=2, min_samples_split=2, n_estimators=1600; total time=   0.0s
[MFLOG|0|2023-12-13T01:09:32.094825Z|runtime|2de45e4c-d5d4-42ff-a0ec-7a6a2098e95f][CV] END bootstrap=True, class_weight=None, max_depth=None, max_features=auto, min_samples_leaf=4, min_samples_split=10, n_estimators=200; total time=   0.0s
[MFLOG|0|2023-12-13T01:09:32.096694Z|runtime|a195ed7a-f046-42d5-912f-1f7eb5fdcf36][CV] END bootstrap=False, class_weight=balanced_subsample, max_depth=90, max_features=auto, min_samples_leaf=4, min_samples_split=2, n_estimators=600; total time=   0.0s
[MFLOG|0|2023-12-13T01:09:32.098204Z|runtime|4f0b0881-e895-4a0a-95a7-94c42ceac3dd][CV] END bootstrap=False, class_weight=balanced_subsample, max_depth=90, max_features=auto, min_samples_leaf=4, min_samples_split=2, n_estimators=600; total time=   0.0s
[MFLOG|0|2023-12-13T01:09:32.098998Z|runtime|73ae84df-9dec-4f55-a35b-6fd7ff27bfb1][CV] END bootstrap=False, class_weight=balanced_subsample, max_depth=90, max_features=auto, min_samples_leaf=4, min_samples_split=2, n_estimators=600; total time=   0.0s
[MFLOG|0|2023-12-13T01:09:32.101749Z|runtime|d03fcfdd-ffa9-4e02-b304-f7578c3671dd][CV] END bootstrap=False, class_weight=balanced_subsample, max_depth=90, max_features=auto, min_samples_leaf=4, min_samples_split=2, n_estimators=600; total time=   0.0s
[MFLOG|0|2023-12-13T01:09:32.101975Z|runtime|77ba8880-da91-4494-970a-b6add23d7f31][CV] END bootstrap=True, class_weight=None, max_depth=None, max_features=auto, min_samples_leaf=4, min_samples_split=10, n_estimators=200; total time=   0.0s
[MFLOG|0|2023-12-13T01:09:32.104185Z|runtime|4831cf2a-d850-492e-b62d-e482e2630810][CV] END bootstrap=False, class_weight=balanced_subsample, max_depth=90, max_features=auto, min_samples_leaf=4, min_samples_split=2, n_estimators=600; total time=   0.0s
[MFLOG|0|2023-12-13T01:09:32.108564Z|runtime|b945cc17-e5e2-4dc8-82e2-78f58d231a66][CV] END bootstrap=True, class_weight=None, max_depth=None, max_features=auto, min_samples_leaf=4, min_samples_split=10, n_estimators=200; total time=   0.0s
[MFLOG|0|2023-12-13T01:09:32.124522Z|runtime|0c278640-ca4a-475c-b0a7-6c1ad5f69975][CV] END bootstrap=False, class_weight=balanced_subsample, max_depth=90, max_features=auto, min_samples_leaf=2, min_samples_split=2, n_estimators=1000; total time=   0.0s
[MFLOG|0|2023-12-13T01:09:32.133241Z|runtime|72319b19-b8c4-400f-879d-d3d52947863c][CV] END bootstrap=False, class_weight=balanced, max_depth=70, max_features=auto, min_samples_leaf=2, min_samples_split=2, n_estimators=1600; total time=   0.0s
[MFLOG|0|2023-12-13T01:09:32.146542Z|runtime|572b2d9a-2953-4950-b9ed-2d96af73a170][CV] END bootstrap=False, class_weight=balanced_subsample, max_depth=90, max_features=auto, min_samples_leaf=2, min_samples_split=2, n_estimators=1000; total time=   0.0s
[MFLOG|0|2023-12-13T01:09:32.148162Z|runtime|1d69081d-91af-4879-9be8-afb76bd236ff][CV] END bootstrap=False, class_weight=balanced_subsample, max_depth=90, max_features=auto, min_samples_leaf=2, min_samples_split=2, n_estimators=1000; total time=   0.0s
[MFLOG|0|2023-12-13T01:09:32.180556Z|runtime|142c51b1-348a-4337-a159-c467a8f794a8][CV] END bootstrap=False, class_weight=balanced, max_depth=70, max_features=auto, min_samples_leaf=2, min_samples_split=2, n_estimators=1600; total time=   0.0s
[MFLOG|0|2023-12-13T01:09:32.183493Z|runtime|3bd6376f-da1f-4ea7-bcd5-1bd68b8d9a28][CV] END bootstrap=False, class_weight=balanced_subsample, max_depth=90, max_features=auto, min_samples_leaf=2, min_samples_split=2, n_estimators=1000; total time=   0.0s
[MFLOG|0|2023-12-13T01:09:32.915460Z|runtime|7bd35f93-e112-4e47-ba94-8fad8f56a0e2][CV] END bootstrap=True, class_weight=balanced_subsample, max_depth=40, max_features=sqrt, min_samples_leaf=4, min_samples_split=10, n_estimators=1800; total time=   0.8s
[MFLOG|0|2023-12-13T01:09:32.957135Z|runtime|0bc9238d-0ca3-4256-bc33-c7f5be646e34][CV] END bootstrap=True, class_weight=balanced_subsample, max_depth=40, max_features=sqrt, min_samples_leaf=4, min_samples_split=10, n_estimators=1800; total time=   0.9s
[MFLOG|0|2023-12-13T01:09:33.053979Z|runtime|b03b6103-d657-41f3-98d0-ae49f5dbe85f][CV] END bootstrap=True, class_weight=balanced_subsample, max_depth=40, max_features=sqrt, min_samples_leaf=4, min_samples_split=10, n_estimators=1800; total time=   0.9s
[MFLOG|0|2023-12-13T01:09:33.118033Z|runtime|156b026e-0c2e-4d4f-a1e4-414d160895e3][CV] END bootstrap=True, class_weight=balanced_subsample, max_depth=40, max_features=sqrt, min_samples_leaf=4, min_samples_split=10, n_estimators=1800; total time=   1.0s
[MFLOG|0|2023-12-13T01:09:33.238802Z|runtime|ac6592dc-7baf-4f4c-a867-c2e4c3dc3dd1][CV] END bootstrap=True, class_weight=balanced_subsample, max_depth=40, max_features=sqrt, min_samples_leaf=4, min_samples_split=10, n_estimators=1800; total time=   1.1s
[MFLOG|0|2023-12-13T01:09:34.346439Z|runtime|fc460ddb-f5c6-4e3e-9bd0-5a08e8b08e82]{'n_estimators': 1800, 'min_samples_split': 10, 'min_samples_leaf': 4, 'max_features': 'sqrt', 'max_depth': 40, 'class_weight': 'balanced_subsample', 'bootstrap': True}
[MFLOG|0|2023-12-13T01:09:35.448723Z|runtime|c4249a73-1b3e-47ad-86db-86d88a46fc86][0.63043478 0.47826087 0.69565217 0.34782609 0.36956522]
[MFLOG|0|2023-12-13T01:09:35.448827Z|runtime|9b217edd-551c-4f34-bb05-b5079a050201]Validation Mean Accuracy: 0.504 (0.138)
[MFLOG|0|2023-12-13T01:09:35.479229Z|runtime|909ece9d-3a62-49bd-840b-e862b700f304](77, 20)
