[MFLOG|0|2023-12-13T01:12:29.954611Z|runtime|e75c1819-aa26-4c52-91cd-a7fada425413]Fitting 5 folds for each of 5 candidates, totalling 25 fits
[MFLOG|0|2023-12-13T01:12:30.496716Z|runtime|08239aee-2f8e-4cb0-b3dc-f18ee06ea392][CV] END bootstrap=True, class_weight=None, max_depth=None, max_features=auto, min_samples_leaf=4, min_samples_split=10, n_estimators=200; total time=   0.0s
[MFLOG|0|2023-12-13T01:12:30.509436Z|runtime|4d16d388-aff4-4ff1-9b50-8bedc90a0ca6][CV] END bootstrap=False, class_weight=balanced, max_depth=70, max_features=auto, min_samples_leaf=2, min_samples_split=2, n_estimators=1600; total time=   0.0s
[MFLOG|0|2023-12-13T01:12:30.512419Z|runtime|e9d40670-9de6-4237-8f7c-55a644abf43d][CV] END bootstrap=False, class_weight=balanced, max_depth=70, max_features=auto, min_samples_leaf=2, min_samples_split=2, n_estimators=1600; total time=   0.0s
[MFLOG|0|2023-12-13T01:12:30.514066Z|runtime|3aa60696-c100-4a17-af91-12b0665b6d1a][CV] END bootstrap=False, class_weight=balanced, max_depth=70, max_features=auto, min_samples_leaf=2, min_samples_split=2, n_estimators=1600; total time=   0.0s
[MFLOG|0|2023-12-13T01:12:30.515150Z|runtime|363283c6-566d-400b-b9de-e84a61a87ffa][CV] END bootstrap=False, class_weight=balanced_subsample, max_depth=90, max_features=auto, min_samples_leaf=4, min_samples_split=2, n_estimators=600; total time=   0.0s
[MFLOG|0|2023-12-13T01:12:30.516668Z|runtime|b2ee27b9-bee1-42a3-93cd-e8d88c25869c][CV] END bootstrap=False, class_weight=balanced_subsample, max_depth=90, max_features=auto, min_samples_leaf=4, min_samples_split=2, n_estimators=600; total time=   0.0s
[MFLOG|0|2023-12-13T01:12:30.518797Z|runtime|87401dac-be31-4d2e-9518-aff680a8589c][CV] END bootstrap=False, class_weight=balanced_subsample, max_depth=90, max_features=auto, min_samples_leaf=4, min_samples_split=2, n_estimators=600; total time=   0.0s
[MFLOG|0|2023-12-13T01:12:30.519770Z|runtime|58cc9b13-61a6-4f21-b416-04878bd85240][CV] END bootstrap=False, class_weight=balanced_subsample, max_depth=90, max_features=auto, min_samples_leaf=2, min_samples_split=2, n_estimators=1000; total time=   0.0s
[MFLOG|0|2023-12-13T01:12:30.520675Z|runtime|f1c25ee8-d1d2-45e8-9ad4-ad2bdb74e3aa][CV] END bootstrap=False, class_weight=balanced_subsample, max_depth=90, max_features=auto, min_samples_leaf=4, min_samples_split=2, n_estimators=600; total time=   0.0s
[MFLOG|0|2023-12-13T01:12:30.520824Z|runtime|c2f0024f-5765-4ee5-a041-5e2b1d76495e][CV] END bootstrap=False, class_weight=balanced_subsample, max_depth=90, max_features=auto, min_samples_leaf=4, min_samples_split=2, n_estimators=600; total time=   0.0s
[MFLOG|0|2023-12-13T01:12:30.528536Z|runtime|4ab1e831-223b-40b1-87b1-956050c18441][CV] END bootstrap=True, class_weight=None, max_depth=None, max_features=auto, min_samples_leaf=4, min_samples_split=10, n_estimators=200; total time=   0.0s
[MFLOG|0|2023-12-13T01:12:30.550384Z|runtime|0eddd0ba-d7b7-4db2-a69c-4d90f1386f54][CV] END bootstrap=True, class_weight=None, max_depth=None, max_features=auto, min_samples_leaf=4, min_samples_split=10, n_estimators=200; total time=   0.0s
[MFLOG|0|2023-12-13T01:12:30.563433Z|runtime|0d6e594a-f29b-417b-b19f-18658d9455cf][CV] END bootstrap=False, class_weight=balanced_subsample, max_depth=90, max_features=auto, min_samples_leaf=2, min_samples_split=2, n_estimators=1000; total time=   0.0s
[MFLOG|0|2023-12-13T01:12:30.571342Z|runtime|60b8c819-d8bc-4e1d-a355-4197c6109542][CV] END bootstrap=False, class_weight=balanced_subsample, max_depth=90, max_features=auto, min_samples_leaf=2, min_samples_split=2, n_estimators=1000; total time=   0.0s
[MFLOG|0|2023-12-13T01:12:30.577115Z|runtime|67b8a828-8d76-4a1f-acef-6aa1127dd948][CV] END bootstrap=False, class_weight=balanced, max_depth=70, max_features=auto, min_samples_leaf=2, min_samples_split=2, n_estimators=1600; total time=   0.0s
[MFLOG|0|2023-12-13T01:12:30.581535Z|runtime|7a4dbcf9-74a6-4174-b437-823e628e8828][CV] END bootstrap=True, class_weight=None, max_depth=None, max_features=auto, min_samples_leaf=4, min_samples_split=10, n_estimators=200; total time=   0.0s
[MFLOG|0|2023-12-13T01:12:30.583832Z|runtime|415833f5-f49c-45bb-ad1d-759e98fc5dbb][CV] END bootstrap=False, class_weight=balanced_subsample, max_depth=90, max_features=auto, min_samples_leaf=2, min_samples_split=2, n_estimators=1000; total time=   0.0s
[MFLOG|0|2023-12-13T01:12:30.585357Z|runtime|025f940e-5be2-47d8-8632-71da281b60c1][CV] END bootstrap=False, class_weight=balanced_subsample, max_depth=90, max_features=auto, min_samples_leaf=2, min_samples_split=2, n_estimators=1000; total time=   0.0s
[MFLOG|0|2023-12-13T01:12:30.585448Z|runtime|727552f1-2691-40cf-b047-ce4d33e1a414][CV] END bootstrap=True, class_weight=None, max_depth=None, max_features=auto, min_samples_leaf=4, min_samples_split=10, n_estimators=200; total time=   0.0s
[MFLOG|0|2023-12-13T01:12:30.599477Z|runtime|65a74209-4c22-4d82-b025-cf93db195cf5][CV] END bootstrap=False, class_weight=balanced, max_depth=70, max_features=auto, min_samples_leaf=2, min_samples_split=2, n_estimators=1600; total time=   0.0s
[MFLOG|0|2023-12-13T01:12:31.321065Z|runtime|39a6af9e-a36e-49f4-8043-9953e5fda2a8][CV] END bootstrap=True, class_weight=balanced_subsample, max_depth=40, max_features=sqrt, min_samples_leaf=4, min_samples_split=10, n_estimators=1800; total time=   0.8s
[MFLOG|0|2023-12-13T01:12:31.388813Z|runtime|4ee2764d-3d85-47d6-82ed-ae6bffe6bb4b][CV] END bootstrap=True, class_weight=balanced_subsample, max_depth=40, max_features=sqrt, min_samples_leaf=4, min_samples_split=10, n_estimators=1800; total time=   0.9s
[MFLOG|0|2023-12-13T01:12:31.477780Z|runtime|76642bfc-842b-4747-a4d9-282e26e87674][CV] END bootstrap=True, class_weight=balanced_subsample, max_depth=40, max_features=sqrt, min_samples_leaf=4, min_samples_split=10, n_estimators=1800; total time=   0.9s
[MFLOG|0|2023-12-13T01:12:31.572303Z|runtime|11902823-7805-45a3-b676-e6337ae35494][CV] END bootstrap=True, class_weight=balanced_subsample, max_depth=40, max_features=sqrt, min_samples_leaf=4, min_samples_split=10, n_estimators=1800; total time=   1.0s
[MFLOG|0|2023-12-13T01:12:31.678676Z|runtime|5e354b1c-c6a3-4a6a-b53a-5b813fedd015][CV] END bootstrap=True, class_weight=balanced_subsample, max_depth=40, max_features=sqrt, min_samples_leaf=4, min_samples_split=10, n_estimators=1800; total time=   1.1s
[MFLOG|0|2023-12-13T01:12:32.791599Z|runtime|c766e960-2508-4228-bcd3-9624a41a91a4]{'n_estimators': 1800, 'min_samples_split': 10, 'min_samples_leaf': 4, 'max_features': 'sqrt', 'max_depth': 40, 'class_weight': 'balanced_subsample', 'bootstrap': True}
[MFLOG|0|2023-12-13T01:12:33.919004Z|runtime|fc4f4bd5-081c-49e2-8f8e-9aa28c752276][0.65217391 0.45652174 0.69565217 0.34782609 0.39130435]
[MFLOG|0|2023-12-13T01:12:33.919136Z|runtime|c8a857b0-c623-4a9e-a6c9-47d2ec2e1423]Validation Mean Accuracy: 0.509 (0.140)
[MFLOG|0|2023-12-13T01:12:33.950296Z|runtime|d8bfb881-0119-4b53-8431-bc3e0fab5bb0](77, 20)
