[MFLOG|0|2023-12-13T02:56:38.820471Z|runtime|bd0e1381-b260-4ec8-a011-db6e3c1f9ae2]Fitting 5 folds for each of 5 candidates, totalling 25 fits
[MFLOG|0|2023-12-13T02:56:39.435615Z|runtime|8d754cb8-f961-4779-9aed-dd4d189cea4c][CV] END bootstrap=True, class_weight=None, max_depth=None, max_features=auto, min_samples_leaf=4, min_samples_split=10, n_estimators=200; total time=   0.0s
[MFLOG|0|2023-12-13T02:56:39.453620Z|runtime|82040096-46a5-4c07-a99e-1b018586cf48][CV] END bootstrap=True, class_weight=None, max_depth=None, max_features=auto, min_samples_leaf=4, min_samples_split=10, n_estimators=200; total time=   0.0s
[MFLOG|0|2023-12-13T02:56:39.455992Z|runtime|1ca4bde2-c6e3-4dca-8b7c-00b340ccf623][CV] END bootstrap=False, class_weight=balanced, max_depth=70, max_features=auto, min_samples_leaf=2, min_samples_split=2, n_estimators=1600; total time=   0.0s
[MFLOG|0|2023-12-13T02:56:39.457789Z|runtime|79e151f5-342a-48fe-95b1-7aedba8f27c5][CV] END bootstrap=False, class_weight=balanced, max_depth=70, max_features=auto, min_samples_leaf=2, min_samples_split=2, n_estimators=1600; total time=   0.0s
[MFLOG|0|2023-12-13T02:56:39.460863Z|runtime|436cfdf2-bdf2-4707-a921-fa04e7ae380f][CV] END bootstrap=False, class_weight=balanced, max_depth=70, max_features=auto, min_samples_leaf=2, min_samples_split=2, n_estimators=1600; total time=   0.0s
[MFLOG|0|2023-12-13T02:56:39.479421Z|runtime|b74fa85a-0425-4be9-82f7-7925fc11be8b][CV] END bootstrap=False, class_weight=balanced_subsample, max_depth=90, max_features=auto, min_samples_leaf=4, min_samples_split=2, n_estimators=600; total time=   0.0s
[MFLOG|0|2023-12-13T02:56:39.479589Z|runtime|6d53ec4e-1137-4985-93e5-fe0fdbd450aa][CV] END bootstrap=False, class_weight=balanced_subsample, max_depth=90, max_features=auto, min_samples_leaf=4, min_samples_split=2, n_estimators=600; total time=   0.0s
[MFLOG|0|2023-12-13T02:56:39.479628Z|runtime|0cc0de42-65bf-4ace-a6f5-6283adcc6566][CV] END bootstrap=False, class_weight=balanced_subsample, max_depth=90, max_features=auto, min_samples_leaf=4, min_samples_split=2, n_estimators=600; total time=   0.0s
[MFLOG|0|2023-12-13T02:56:39.479671Z|runtime|baa7670d-9617-4296-9678-185f7ebac0e0][CV] END bootstrap=False, class_weight=balanced_subsample, max_depth=90, max_features=auto, min_samples_leaf=4, min_samples_split=2, n_estimators=600; total time=   0.0s
[MFLOG|0|2023-12-13T02:56:39.482920Z|runtime|17e3f071-8286-49ff-94b4-bcdffbfba7e2][CV] END bootstrap=False, class_weight=balanced_subsample, max_depth=90, max_features=auto, min_samples_leaf=4, min_samples_split=2, n_estimators=600; total time=   0.0s
[MFLOG|0|2023-12-13T02:56:39.482982Z|runtime|5255c612-0162-467f-969e-3311f890157c][CV] END bootstrap=False, class_weight=balanced_subsample, max_depth=90, max_features=auto, min_samples_leaf=2, min_samples_split=2, n_estimators=1000; total time=   0.0s
[MFLOG|0|2023-12-13T02:56:39.498625Z|runtime|ccc25ed8-d9e4-49ca-9d98-16cfd3695c46][CV] END bootstrap=False, class_weight=balanced_subsample, max_depth=90, max_features=auto, min_samples_leaf=2, min_samples_split=2, n_estimators=1000; total time=   0.0s
[MFLOG|0|2023-12-13T02:56:39.498877Z|runtime|486d1924-642f-4173-9f51-60efd8cce7af][CV] END bootstrap=True, class_weight=None, max_depth=None, max_features=auto, min_samples_leaf=4, min_samples_split=10, n_estimators=200; total time=   0.0s
[MFLOG|0|2023-12-13T02:56:39.503554Z|runtime|03644add-6d63-416d-937b-789bc18f81b1][CV] END bootstrap=True, class_weight=None, max_depth=None, max_features=auto, min_samples_leaf=4, min_samples_split=10, n_estimators=200; total time=   0.0s
[MFLOG|0|2023-12-13T02:56:39.511630Z|runtime|3ba8cd1d-571d-44d3-a995-c2072e69f44f][CV] END bootstrap=True, class_weight=None, max_depth=None, max_features=auto, min_samples_leaf=4, min_samples_split=10, n_estimators=200; total time=   0.0s
[MFLOG|0|2023-12-13T02:56:39.524907Z|runtime|0a236af2-bead-4952-b161-09d8f19bf70b][CV] END bootstrap=False, class_weight=balanced_subsample, max_depth=90, max_features=auto, min_samples_leaf=2, min_samples_split=2, n_estimators=1000; total time=   0.0s
[MFLOG|0|2023-12-13T02:56:39.528146Z|runtime|89c5d318-dd8b-4553-be7c-ee9b9bb286fe][CV] END bootstrap=False, class_weight=balanced_subsample, max_depth=90, max_features=auto, min_samples_leaf=2, min_samples_split=2, n_estimators=1000; total time=   0.0s
[MFLOG|0|2023-12-13T02:56:39.530715Z|runtime|7e17872e-b864-4af7-b96b-ac29b753cac1][CV] END bootstrap=False, class_weight=balanced, max_depth=70, max_features=auto, min_samples_leaf=2, min_samples_split=2, n_estimators=1600; total time=   0.0s
[MFLOG|0|2023-12-13T02:56:39.532662Z|runtime|ca9ce321-caf8-465b-9bb5-621415a56164][CV] END bootstrap=False, class_weight=balanced_subsample, max_depth=90, max_features=auto, min_samples_leaf=2, min_samples_split=2, n_estimators=1000; total time=   0.0s
[MFLOG|0|2023-12-13T02:56:39.551282Z|runtime|15039684-cd6d-4de0-a965-d2bb0fa58f50][CV] END bootstrap=False, class_weight=balanced, max_depth=70, max_features=auto, min_samples_leaf=2, min_samples_split=2, n_estimators=1600; total time=   0.0s
[MFLOG|0|2023-12-13T02:56:40.301088Z|runtime|47a659cc-cb75-49e8-801f-ce2d3187926c][CV] END bootstrap=True, class_weight=balanced_subsample, max_depth=40, max_features=sqrt, min_samples_leaf=4, min_samples_split=10, n_estimators=1800; total time=   0.8s
[MFLOG|0|2023-12-13T02:56:40.364843Z|runtime|11114f24-07bc-4e2e-976f-7c175aee5a27][CV] END bootstrap=True, class_weight=balanced_subsample, max_depth=40, max_features=sqrt, min_samples_leaf=4, min_samples_split=10, n_estimators=1800; total time=   0.9s
[MFLOG|0|2023-12-13T02:56:40.454276Z|runtime|04e66536-032c-4d53-8ba7-d1d2e3cf33f1][CV] END bootstrap=True, class_weight=balanced_subsample, max_depth=40, max_features=sqrt, min_samples_leaf=4, min_samples_split=10, n_estimators=1800; total time=   1.0s
[MFLOG|0|2023-12-13T02:56:40.543657Z|runtime|4147d49d-f062-4acf-95f0-7e5df9d12a7d][CV] END bootstrap=True, class_weight=balanced_subsample, max_depth=40, max_features=sqrt, min_samples_leaf=4, min_samples_split=10, n_estimators=1800; total time=   1.0s
[MFLOG|0|2023-12-13T02:56:40.646029Z|runtime|7e278aca-5f4b-4ee0-9ddf-d195b59b4396][CV] END bootstrap=True, class_weight=balanced_subsample, max_depth=40, max_features=sqrt, min_samples_leaf=4, min_samples_split=10, n_estimators=1800; total time=   1.1s
[MFLOG|0|2023-12-13T02:56:41.822436Z|runtime|5cd95d6a-ee93-4fe9-a23c-670b42039d00]{'n_estimators': 1800, 'min_samples_split': 10, 'min_samples_leaf': 4, 'max_features': 'sqrt', 'max_depth': 40, 'class_weight': 'balanced_subsample', 'bootstrap': True}
[MFLOG|0|2023-12-13T02:56:43.022206Z|runtime|8c675db9-dfc1-4934-8f65-3629ccaf3ab5][0.60869565 0.43478261 0.69565217 0.36956522 0.32608696]
[MFLOG|0|2023-12-13T02:56:43.022303Z|runtime|5d58d3b9-b987-426e-947e-c2787e8d87c9]Validation Mean Accuracy: 0.487 (0.142)
[MFLOG|0|2023-12-13T02:56:43.052824Z|runtime|da8dc321-05ad-47b7-9431-01e76f221eda](77, 20)
