[MFLOG|0|2023-12-13T01:00:21.159815Z|runtime|7929b3e2-5116-4e96-b269-669ed57fdde1]Fitting 5 folds for each of 5 candidates, totalling 25 fits
[MFLOG|0|2023-12-13T01:00:21.730089Z|runtime|ba7452dc-6528-447e-ad1b-fa08279215a5][CV] END bootstrap=True, class_weight=None, max_depth=None, max_features=auto, min_samples_leaf=4, min_samples_split=10, n_estimators=200; total time=   0.0s
[MFLOG|0|2023-12-13T01:00:21.742666Z|runtime|22c86348-56ab-4d6f-9de6-9fefaa6f419c][CV] END bootstrap=False, class_weight=balanced, max_depth=70, max_features=auto, min_samples_leaf=2, min_samples_split=2, n_estimators=1600; total time=   0.0s
[MFLOG|0|2023-12-13T01:00:21.744237Z|runtime|d044b65d-cf52-47a9-b335-9654cda65f2d][CV] END bootstrap=False, class_weight=balanced, max_depth=70, max_features=auto, min_samples_leaf=2, min_samples_split=2, n_estimators=1600; total time=   0.0s
[MFLOG|0|2023-12-13T01:00:21.747058Z|runtime|6654ed5c-b77b-457c-b1e6-0770b65e2f4b][CV] END bootstrap=False, class_weight=balanced, max_depth=70, max_features=auto, min_samples_leaf=2, min_samples_split=2, n_estimators=1600; total time=   0.0s
[MFLOG|0|2023-12-13T01:00:21.747158Z|runtime|5c6728f6-70f8-4be6-9004-a3cc1f6a1ebc][CV] END bootstrap=False, class_weight=balanced_subsample, max_depth=90, max_features=auto, min_samples_leaf=4, min_samples_split=2, n_estimators=600; total time=   0.0s
[MFLOG|0|2023-12-13T01:00:21.750250Z|runtime|900204b7-176e-4cbb-8066-cae18d707ee5][CV] END bootstrap=False, class_weight=balanced_subsample, max_depth=90, max_features=auto, min_samples_leaf=4, min_samples_split=2, n_estimators=600; total time=   0.0s
[MFLOG|0|2023-12-13T01:00:21.750452Z|runtime|12b3f5f7-957a-4620-9faa-816a24e6e66c][CV] END bootstrap=False, class_weight=balanced_subsample, max_depth=90, max_features=auto, min_samples_leaf=4, min_samples_split=2, n_estimators=600; total time=   0.0s
[MFLOG|0|2023-12-13T01:00:21.751787Z|runtime|1302ecae-1972-45a5-b1f5-1d439a4691fa][CV] END bootstrap=False, class_weight=balanced_subsample, max_depth=90, max_features=auto, min_samples_leaf=4, min_samples_split=2, n_estimators=600; total time=   0.0s
[MFLOG|0|2023-12-13T01:00:21.751875Z|runtime|8c08d3cb-de79-4047-8341-0a09619afb29][CV] END bootstrap=False, class_weight=balanced_subsample, max_depth=90, max_features=auto, min_samples_leaf=4, min_samples_split=2, n_estimators=600; total time=   0.0s
[MFLOG|0|2023-12-13T01:00:21.774680Z|runtime|e6ce9ff1-6576-4aa0-883c-65ffbd2d7870][CV] END bootstrap=True, class_weight=None, max_depth=None, max_features=auto, min_samples_leaf=4, min_samples_split=10, n_estimators=200; total time=   0.0s
[MFLOG|0|2023-12-13T01:00:21.799262Z|runtime|67a29953-482a-42eb-86e6-31e9aaae98c0][CV] END bootstrap=True, class_weight=None, max_depth=None, max_features=auto, min_samples_leaf=4, min_samples_split=10, n_estimators=200; total time=   0.0s
[MFLOG|0|2023-12-13T01:00:21.808441Z|runtime|046b2f08-900b-407a-877a-a6115c914b6f][CV] END bootstrap=True, class_weight=None, max_depth=None, max_features=auto, min_samples_leaf=4, min_samples_split=10, n_estimators=200; total time=   0.0s
[MFLOG|0|2023-12-13T01:00:21.814586Z|runtime|1e9b0c71-f285-4144-9d6c-67f26ac2758b][CV] END bootstrap=False, class_weight=balanced_subsample, max_depth=90, max_features=auto, min_samples_leaf=2, min_samples_split=2, n_estimators=1000; total time=   0.0s
[MFLOG|0|2023-12-13T01:00:21.814816Z|runtime|bcc6e68e-be9a-4915-8a30-1d6316ff01ba][CV] END bootstrap=True, class_weight=None, max_depth=None, max_features=auto, min_samples_leaf=4, min_samples_split=10, n_estimators=200; total time=   0.0s
[MFLOG|0|2023-12-13T01:00:21.820895Z|runtime|0f4165a5-b400-48b6-88c7-0c8c01f37822][CV] END bootstrap=False, class_weight=balanced_subsample, max_depth=90, max_features=auto, min_samples_leaf=2, min_samples_split=2, n_estimators=1000; total time=   0.0s
[MFLOG|0|2023-12-13T01:00:21.828659Z|runtime|3f562145-bdba-4cc8-8d2a-f788b06ec3ab][CV] END bootstrap=False, class_weight=balanced_subsample, max_depth=90, max_features=auto, min_samples_leaf=2, min_samples_split=2, n_estimators=1000; total time=   0.0s
[MFLOG|0|2023-12-13T01:00:21.829539Z|runtime|4d59a31c-984b-48b2-8036-7432c4ada594][CV] END bootstrap=False, class_weight=balanced_subsample, max_depth=90, max_features=auto, min_samples_leaf=2, min_samples_split=2, n_estimators=1000; total time=   0.0s
[MFLOG|0|2023-12-13T01:00:21.843236Z|runtime|b1889ab5-c982-475d-a633-a8663082f31d][CV] END bootstrap=False, class_weight=balanced, max_depth=70, max_features=auto, min_samples_leaf=2, min_samples_split=2, n_estimators=1600; total time=   0.0s
[MFLOG|0|2023-12-13T01:00:21.851674Z|runtime|782b6108-8fbb-4978-9c5e-3b4c96a2064f][CV] END bootstrap=False, class_weight=balanced, max_depth=70, max_features=auto, min_samples_leaf=2, min_samples_split=2, n_estimators=1600; total time=   0.0s
[MFLOG|0|2023-12-13T01:00:21.859250Z|runtime|6c50c52c-2e9b-424e-a8fb-b28cc2eb5ad3][CV] END bootstrap=False, class_weight=balanced_subsample, max_depth=90, max_features=auto, min_samples_leaf=2, min_samples_split=2, n_estimators=1000; total time=   0.0s
[MFLOG|0|2023-12-13T01:00:22.576524Z|runtime|cb8477ce-f6cc-4492-bc95-e0bec7270034][CV] END bootstrap=True, class_weight=balanced_subsample, max_depth=40, max_features=sqrt, min_samples_leaf=4, min_samples_split=10, n_estimators=1800; total time=   0.8s
[MFLOG|0|2023-12-13T01:00:22.668028Z|runtime|063e3b16-c273-4a16-854d-b18537d2edaa][CV] END bootstrap=True, class_weight=balanced_subsample, max_depth=40, max_features=sqrt, min_samples_leaf=4, min_samples_split=10, n_estimators=1800; total time=   0.9s
[MFLOG|0|2023-12-13T01:00:22.762609Z|runtime|aa42e26a-b4ba-49b5-8e3e-07a3d421a934][CV] END bootstrap=True, class_weight=balanced_subsample, max_depth=40, max_features=sqrt, min_samples_leaf=4, min_samples_split=10, n_estimators=1800; total time=   0.9s
[MFLOG|0|2023-12-13T01:00:22.824217Z|runtime|8e6d549c-d8da-41e2-8f21-2cc5bb91613f][CV] END bootstrap=True, class_weight=balanced_subsample, max_depth=40, max_features=sqrt, min_samples_leaf=4, min_samples_split=10, n_estimators=1800; total time=   1.0s
[MFLOG|0|2023-12-13T01:00:22.936921Z|runtime|5eb2e37b-ee13-422a-8ffe-973243349206][CV] END bootstrap=True, class_weight=balanced_subsample, max_depth=40, max_features=sqrt, min_samples_leaf=4, min_samples_split=10, n_estimators=1800; total time=   1.1s
[MFLOG|0|2023-12-13T01:00:24.057859Z|runtime|4fb4e30f-0bb4-42dd-9d74-0ae1ebd9b744]{'n_estimators': 1800, 'min_samples_split': 10, 'min_samples_leaf': 4, 'max_features': 'sqrt', 'max_depth': 40, 'class_weight': 'balanced_subsample', 'bootstrap': True}
[MFLOG|0|2023-12-13T01:00:25.197215Z|runtime|d21d3d3c-5b66-420a-bbbd-cda080f2438e][0.58695652 0.43478261 0.69565217 0.34782609 0.39130435]
[MFLOG|0|2023-12-13T01:00:25.197341Z|runtime|f5f85701-dcea-4fc6-922c-8bbff720333b]Validation Mean Accuracy: 0.491 (0.130)
[MFLOG|0|2023-12-13T01:00:25.228874Z|runtime|7c1f8f24-c049-4869-bf71-8a6d7a9d17c4](77, 20)
