[MFLOG|0|2023-12-13T01:04:31.545293Z|runtime|0b2a0923-41c7-4753-8875-1e3b0d3df7b4]Fitting 5 folds for each of 5 candidates, totalling 25 fits
[MFLOG|0|2023-12-13T01:04:32.125133Z|runtime|ae4926d5-5138-48b5-8c10-923f6e6e03ba][CV] END bootstrap=True, class_weight=None, max_depth=None, max_features=auto, min_samples_leaf=4, min_samples_split=10, n_estimators=200; total time=   0.0s
[MFLOG|0|2023-12-13T01:04:32.133662Z|runtime|1b53138e-f718-4b06-a872-407f9f04fb1d][CV] END bootstrap=True, class_weight=None, max_depth=None, max_features=auto, min_samples_leaf=4, min_samples_split=10, n_estimators=200; total time=   0.0s
[MFLOG|0|2023-12-13T01:04:32.140422Z|runtime|53f93be5-20b5-4485-a6db-33017b3f07bf][CV] END bootstrap=True, class_weight=None, max_depth=None, max_features=auto, min_samples_leaf=4, min_samples_split=10, n_estimators=200; total time=   0.0s
[MFLOG|0|2023-12-13T01:04:32.146362Z|runtime|917a0950-c718-455b-b422-8791c7c1cc88][CV] END bootstrap=True, class_weight=None, max_depth=None, max_features=auto, min_samples_leaf=4, min_samples_split=10, n_estimators=200; total time=   0.0s
[MFLOG|0|2023-12-13T01:04:32.152276Z|runtime|450f58ff-8d8b-4d7b-b8dd-6786f3f4a8ac][CV] END bootstrap=False, class_weight=balanced, max_depth=70, max_features=auto, min_samples_leaf=2, min_samples_split=2, n_estimators=1600; total time=   0.0s
[MFLOG|0|2023-12-13T01:04:32.152878Z|runtime|60d006df-d486-4547-ab04-433f9553880e][CV] END bootstrap=False, class_weight=balanced, max_depth=70, max_features=auto, min_samples_leaf=2, min_samples_split=2, n_estimators=1600; total time=   0.0s
[MFLOG|0|2023-12-13T01:04:32.153145Z|runtime|e58f67b4-c56a-474b-933d-b8df8b39f44a][CV] END bootstrap=False, class_weight=balanced, max_depth=70, max_features=auto, min_samples_leaf=2, min_samples_split=2, n_estimators=1600; total time=   0.0s
[MFLOG|0|2023-12-13T01:04:32.153324Z|runtime|d4d918be-4e0c-4d29-99cb-06066b5321dc][CV] END bootstrap=False, class_weight=balanced_subsample, max_depth=90, max_features=auto, min_samples_leaf=4, min_samples_split=2, n_estimators=600; total time=   0.0s
[MFLOG|0|2023-12-13T01:04:32.153660Z|runtime|a293a3c2-8034-4179-aaa3-98526b1ee619][CV] END bootstrap=False, class_weight=balanced_subsample, max_depth=90, max_features=auto, min_samples_leaf=4, min_samples_split=2, n_estimators=600; total time=   0.0s
[MFLOG|0|2023-12-13T01:04:32.153955Z|runtime|a390628f-07c1-4162-b37c-c036a8435020][CV] END bootstrap=False, class_weight=balanced_subsample, max_depth=90, max_features=auto, min_samples_leaf=4, min_samples_split=2, n_estimators=600; total time=   0.0s
[MFLOG|0|2023-12-13T01:04:32.154097Z|runtime|f92bd72d-cd57-4e01-a0ca-dd1eb2cb39a9][CV] END bootstrap=False, class_weight=balanced_subsample, max_depth=90, max_features=auto, min_samples_leaf=2, min_samples_split=2, n_estimators=1000; total time=   0.0s
[MFLOG|0|2023-12-13T01:04:32.154281Z|runtime|5c4c803d-f59b-426d-bf5b-4da31e1ddb25][CV] END bootstrap=False, class_weight=balanced_subsample, max_depth=90, max_features=auto, min_samples_leaf=4, min_samples_split=2, n_estimators=600; total time=   0.0s
[MFLOG|0|2023-12-13T01:04:32.154591Z|runtime|81163058-855e-43b9-af86-98fc38f0ab42][CV] END bootstrap=False, class_weight=balanced_subsample, max_depth=90, max_features=auto, min_samples_leaf=4, min_samples_split=2, n_estimators=600; total time=   0.0s
[MFLOG|0|2023-12-13T01:04:32.177767Z|runtime|0e07e9e6-43c7-4e80-b268-50dbdc8076cc][CV] END bootstrap=False, class_weight=balanced_subsample, max_depth=90, max_features=auto, min_samples_leaf=2, min_samples_split=2, n_estimators=1000; total time=   0.0s
[MFLOG|0|2023-12-13T01:04:32.191185Z|runtime|69ead92b-2a0a-4886-a07a-52679e389b94][CV] END bootstrap=True, class_weight=None, max_depth=None, max_features=auto, min_samples_leaf=4, min_samples_split=10, n_estimators=200; total time=   0.0s
[MFLOG|0|2023-12-13T01:04:32.204074Z|runtime|cd274c51-ad21-4e6f-ab04-ba4f76613761][CV] END bootstrap=False, class_weight=balanced, max_depth=70, max_features=auto, min_samples_leaf=2, min_samples_split=2, n_estimators=1600; total time=   0.0s
[MFLOG|0|2023-12-13T01:04:32.210795Z|runtime|6e8cd1d5-df5c-49bc-8d59-1d581498d7da][CV] END bootstrap=False, class_weight=balanced, max_depth=70, max_features=auto, min_samples_leaf=2, min_samples_split=2, n_estimators=1600; total time=   0.0s
[MFLOG|0|2023-12-13T01:04:32.220548Z|runtime|ee5c62fb-9498-42fc-87a2-bd730f243cd2][CV] END bootstrap=False, class_weight=balanced_subsample, max_depth=90, max_features=auto, min_samples_leaf=2, min_samples_split=2, n_estimators=1000; total time=   0.0s
[MFLOG|0|2023-12-13T01:04:32.220962Z|runtime|37586f12-307b-4b82-a1c3-f1a2c4434a63][CV] END bootstrap=False, class_weight=balanced_subsample, max_depth=90, max_features=auto, min_samples_leaf=2, min_samples_split=2, n_estimators=1000; total time=   0.0s
[MFLOG|0|2023-12-13T01:04:32.233467Z|runtime|249f4244-400f-4103-8daf-b44f9c64ecdd][CV] END bootstrap=False, class_weight=balanced_subsample, max_depth=90, max_features=auto, min_samples_leaf=2, min_samples_split=2, n_estimators=1000; total time=   0.0s
[MFLOG|0|2023-12-13T01:04:32.960661Z|runtime|aab9f969-08f3-4533-a245-b4b9c9bd2aab][CV] END bootstrap=True, class_weight=balanced_subsample, max_depth=40, max_features=sqrt, min_samples_leaf=4, min_samples_split=10, n_estimators=1800; total time=   0.8s
[MFLOG|0|2023-12-13T01:04:33.034628Z|runtime|474a537c-8e27-448f-974d-dff1f6720e62][CV] END bootstrap=True, class_weight=balanced_subsample, max_depth=40, max_features=sqrt, min_samples_leaf=4, min_samples_split=10, n_estimators=1800; total time=   0.9s
[MFLOG|0|2023-12-13T01:04:33.126962Z|runtime|1afa6658-0647-4761-a65d-839083619d67][CV] END bootstrap=True, class_weight=balanced_subsample, max_depth=40, max_features=sqrt, min_samples_leaf=4, min_samples_split=10, n_estimators=1800; total time=   1.0s
[MFLOG|0|2023-12-13T01:04:33.188573Z|runtime|c1e747d9-773d-4ce4-a427-8e0bc5e46aab][CV] END bootstrap=True, class_weight=balanced_subsample, max_depth=40, max_features=sqrt, min_samples_leaf=4, min_samples_split=10, n_estimators=1800; total time=   1.0s
[MFLOG|0|2023-12-13T01:04:33.294110Z|runtime|607a5582-c3fa-4556-8c2e-8b11ae424965][CV] END bootstrap=True, class_weight=balanced_subsample, max_depth=40, max_features=sqrt, min_samples_leaf=4, min_samples_split=10, n_estimators=1800; total time=   1.1s
[MFLOG|0|2023-12-13T01:04:34.415164Z|runtime|45c747c8-c7a3-4f55-84d3-a8ebac455063]{'n_estimators': 1800, 'min_samples_split': 10, 'min_samples_leaf': 4, 'max_features': 'sqrt', 'max_depth': 40, 'class_weight': 'balanced_subsample', 'bootstrap': True}
[MFLOG|0|2023-12-13T01:04:35.506949Z|runtime|cf32fa2d-4a61-498e-bb84-ea240c49acf7][0.58695652 0.45652174 0.69565217 0.32608696 0.39130435]
[MFLOG|0|2023-12-13T01:04:35.507077Z|runtime|0bb7fd61-3901-4358-9c9e-22cfecc5ca61]Validation Mean Accuracy: 0.491 (0.134)
[MFLOG|0|2023-12-13T01:04:35.538424Z|runtime|716f5836-2048-4ed9-a40c-d0b22a18af2b](77, 20)
